<?xml version="1.0" encoding="UTF-8"?>
<!-- Generated by org.testng.reporters.JUnitXMLReporter -->
<testsuite hostname="PC" name="Default test" tests="5" failures="0" timestamp="18 Dec 2016 17:14:54 GMT" time="35.226" errors="0">
  <testcase name="testHomePage" time="0.1" classname="org.com.demo.DemoQaAppTest"/>
  <testcase name="testHomeAboutUs" time="1.202" classname="org.com.demo.DemoQaAppTest"/>
  <testcase name="testHomeServices" time="1.068" classname="org.com.demo.DemoQaAppTest"/>
  <testcase name="testHomeDemo" time="0.195" classname="org.com.demo.DemoQaAppTest"/>
  <testcase name="testHomeTabs" time="1.104" classname="org.com.demo.DemoQaAppTest"/>
</testsuite> <!-- Default test -->
